"../../../../../UnrealProjects/ProjectA/Content/FirstPersonBP/luuuuyang/Laser/BP_LaserCharacter.uasset" 0
"../../../Engine/Content/BasicShapes/BasicShapeMaterial.uasset" 1
"../../../Engine/Content/Functions/Engine_MaterialFunctions01/Opacity/CameraDepthFade.uasset" 2
"../../../Engine/Content/EngineMaterials/T_Default_Material_Grid_M.uasset" 3
"../../../Engine/Content/EngineMaterials/T_Default_Material_Grid_N.uasset" 4
"../../../Engine/Content/EngineMaterials/DefaultMaterial.uasset" 5
"../../../Engine/Content/BasicShapes/Cylinder.uasset" 6
"../../../../../UnrealProjects/ProjectA/Content/FirstPersonBP/luuuuyang/Laser/BP_Laser.uasset" 7
"../../../../../UnrealProjects/ProjectA/Content/FirstPersonBP/luuuuyang/BP_Laser.uasset" 8
"../../../../../UnrealProjects/ProjectA/Content/FirstPersonBP/luuuuyang/FirstPersonCharacter_2.uasset" 9
"../../../../../UnrealProjects/ProjectA/Content/StarterContent/Textures/T_MacroVariation.uasset" 10
"../../../../../UnrealProjects/ProjectA/Content/StarterContent/Textures/T_Metal_Steel_D.uasset" 11
"../../../../../UnrealProjects/ProjectA/Content/StarterContent/Textures/T_Metal_Steel_N.uasset" 12
"../../../../../UnrealProjects/ProjectA/Content/StarterContent/Materials/M_Metal_Steel.uasset" 13
"../../../../../UnrealProjects/ProjectA/Content/StarterContent/Textures/T_Burst_M.uasset" 14
"../../../../../UnrealProjects/ProjectA/Content/StarterContent/Particles/Materials/M_Burst.uasset" 15
"../../../../../UnrealProjects/ProjectA/Content/StarterContent/Textures/T_Explosion_SubUV.uasset" 16
"../../../../../UnrealProjects/ProjectA/Content/StarterContent/Particles/Materials/M_explosion_subUV.uasset" 17
"../../../../../UnrealProjects/ProjectA/Content/StarterContent/Particles/Materials/m_flare_01.uasset" 18
"../../../Engine/Content/Functions/Engine_MaterialFunctions01/Gradient/RadialGradient.uasset" 19
"../../../../../UnrealProjects/ProjectA/Content/StarterContent/Particles/Materials/M_radial_ramp.uasset" 20
"../../../../../UnrealProjects/ProjectA/Content/StarterContent/Textures/T_Smoke_SubUV.uasset" 21
"../../../../../UnrealProjects/ProjectA/Content/StarterContent/Textures/T_Smoke_Tiled_D.uasset" 22
"../../../../../UnrealProjects/ProjectA/Content/StarterContent/Particles/Materials/M_smoke_subUV.uasset" 23
"../../../../../UnrealProjects/ProjectA/Content/StarterContent/Particles/P_Explosion.uasset" 24
"../../../../../UnrealProjects/ProjectA/Content/StarterContent/Materials/M_Basic_Wall.uasset" 25
"../../../../../UnrealProjects/ProjectA/Content/StarterContent/Shapes/Shape_Sphere.uasset" 26
"../../../../../UnrealProjects/ProjectA/Content/FirstPersonBP/luuuuyang/Grenade/BP_Grenade.uasset" 27
"../../../../../UnrealProjects/ProjectA/Content/FirstPersonBP/luuuuyang/Grenade/BP_GrenadeCharacter.uasset" 28
"../../../../../UnrealProjects/ProjectA/Content/FirstPersonBP/Sun/UI_Main.uasset" 29
"../../../../../UnrealProjects/ProjectA/Content/FPS_Assault_Pack/FPS_Arms/Meshes/Arms/SK_Custom_Arms_Skeleton.uasset" 30
"../../../../../UnrealProjects/ProjectA/Content/FPS_Assault_Pack/Animations/RU74/A_Arms_RU74_Bolt_Check.uasset" 31
"../../../../../UnrealProjects/ProjectA/Content/FPS_Assault_Pack/Animations/RU74/A_Arms_RU74_Bolt_Check_Montage.uasset" 32
"../../../../../UnrealProjects/ProjectA/Content/FPS_Assault_Pack/Blueprints/BP_FPS_HUD.uasset" 33
"../../../../../UnrealProjects/ProjectA/Content/FPS_Assault_Pack/Animations/Rifle/A_Arms_Rifle_Equip.uasset" 34
"../../../../../UnrealProjects/ProjectA/Content/FPS_Assault_Pack/Animations/Rifle/A_Arms_Rifle_Holster.uasset" 35
"../../../../../UnrealProjects/ProjectA/Content/FPS_Assault_Pack/Animations/Rifle/A_Arms_Rifle_Idle01.uasset" 36
"../../../../../UnrealProjects/ProjectA/Content/FPS_Assault_Pack/Animations/Rifle/A_Arms_Rifle_Idle02.uasset" 37
"../../../../../UnrealProjects/ProjectA/Content/FPS_Assault_Pack/Animations/Rifle/A_Arms_Rifle_Sprint_FWD.uasset" 38
"../../../../../UnrealProjects/ProjectA/Content/FPS_Assault_Pack/Animations/Rifle/A_Arms_Rifle_Walk_FWD.uasset" 39
"../../../../../UnrealProjects/ProjectA/Content/FPS_Assault_Pack/Animations/Rifle/BP_Main_Arms_AnimBP.uasset" 40
"../../../../../UnrealProjects/ProjectA/Content/FPS_Assault_Pack/Meshes/Rifle/SK_Rifle_Skeleton.uasset" 41
"../../../../../UnrealProjects/ProjectA/Content/FPS_Assault_Pack/Animations/Rifle/BP_Main_Skeleton_AnimBP.uasset" 42
"../../../../../UnrealProjects/ProjectA/Content/FPS_Assault_Pack/Animations/Rifle/A_Arms_Rifle_Grenade.uasset" 43
"../../../../../UnrealProjects/ProjectA/Content/FPS_Assault_Pack/Animations/Rifle/A_Arms_Rifle_Grenade_Montage.uasset" 44
"../../../../../UnrealProjects/ProjectA/Content/FPS_Assault_Pack/Animations/Rifle/A_Arms_Rifle_Melee.uasset" 45
"../../../../../UnrealProjects/ProjectA/Content/FPS_Assault_Pack/Animations/Rifle/A_Arms_Rifle_Melee_Montage.uasset" 46
"../../../../../UnrealProjects/ProjectA/Content/FPS_Assault_Pack/Animations/Rifle/A_Arms_Rifle_Reload_Empty.uasset" 47
"../../../../../UnrealProjects/ProjectA/Content/FPS_Assault_Pack/Animations/Rifle/A_Arms_Rifle_Reload_Empty_Montage.uasset" 48
"../../../../../UnrealProjects/ProjectA/Content/FPS_Assault_Pack/Animations/Rifle/A_Arms_Rifle_Reload.uasset" 49
"../../../../../UnrealProjects/ProjectA/Content/FPS_Assault_Pack/Animations/Rifle/A_Arms_Rifle_Reload_Montage.uasset" 50
"../../../../../UnrealProjects/ProjectA/Content/FPS_Assault_Pack/Animations/Rifle/A_Arms_Rifle_Shoot01.uasset" 51
"../../../../../UnrealProjects/ProjectA/Content/FPS_Assault_Pack/Animations/Rifle/A_Arms_Rifle_Shoot01_Montage.uasset" 52
"../../../../../UnrealProjects/ProjectA/Content/FPS_Assault_Pack/Animations/Rifle/A_Arms_Rifle_Shoot02.uasset" 53
"../../../../../UnrealProjects/ProjectA/Content/FPS_Assault_Pack/Animations/Rifle/A_Arms_Rifle_Shoot02_Montage.uasset" 54
"../../../../../UnrealProjects/ProjectA/Content/FPS_Assault_Pack/Animations/Rifle/A_Rifle_Reload_Empty.uasset" 55
"../../../../../UnrealProjects/ProjectA/Content/FPS_Assault_Pack/Animations/Rifle/A_Rifle_Reload_Empty_Montage.uasset" 56
"../../../../../UnrealProjects/ProjectA/Content/FPS_Assault_Pack/Animations/Rifle/A_Rifle_Reload.uasset" 57
"../../../../../UnrealProjects/ProjectA/Content/FPS_Assault_Pack/Animations/Rifle/A_Rifle_Reload_Montage.uasset" 58
"../../../../../UnrealProjects/ProjectA/Content/FPS_Assault_Pack/Particles/Textures/T_Smoke_SubUV_2x2_ALB.uasset" 59
"../../../../../UnrealProjects/ProjectA/Content/FPS_Assault_Pack/Particles/Materials/M_Smoke_MASTER.uasset" 60
"../../../Engine/Content/Functions/Engine_MaterialFunctions01/Density/ExponentialDensity.uasset" 61
"../../../Engine/Content/Functions/Engine_MaterialFunctions01/Gradient/RadialGradientExponential.uasset" 62
"../../../../../UnrealProjects/ProjectA/Content/FPS_Assault_Pack/Particles/Materials/M_Spark.uasset" 63
"../../../../../UnrealProjects/ProjectA/Content/FPS_Assault_Pack/Particles/Textures/T_Muzzle_Warp_FMP.uasset" 64
"../../../../../UnrealProjects/ProjectA/Content/FPS_Assault_Pack/Particles/Textures/T_Muzzleflash_01_ALB.uasset" 65
"../../../../../UnrealProjects/ProjectA/Content/FPS_Assault_Pack/Particles/Materials/M_Muzzleflash_MASTER.uasset" 66
"../../../../../UnrealProjects/ProjectA/Content/FPS_Assault_Pack/Particles/Materials/M_Muzzleflash_01.uasset" 67
"../../../../../UnrealProjects/ProjectA/Content/FPS_Assault_Pack/Particles/Textures/T_CleanSmoke_ALB.uasset" 68
"../../../../../UnrealProjects/ProjectA/Content/FPS_Assault_Pack/Particles/Textures/T_Detailed_and_Dense_FMP.uasset" 69
"../../../../../UnrealProjects/ProjectA/Content/FPS_Assault_Pack/Particles/Textures/T_Detailed_FMP.uasset" 70
"../../../../../UnrealProjects/ProjectA/Content/FPS_Assault_Pack/Particles/Materials/M_Smoke_FlowMap_MASTER.uasset" 71
"../../../../../UnrealProjects/ProjectA/Content/FPS_Assault_Pack/Particles/Materials/M_Smoke_FlowMap_01.uasset" 72
"../../../../../UnrealProjects/ProjectA/Content/FPS_Assault_Pack/Particles/Emitters/Rifle/P_Rifle_Muzzleflash.uasset" 73
"../../../../../UnrealProjects/ProjectA/Content/FPS_Assault_Pack/Textures/RU74/T_RU74_Body_ALB.uasset" 74
"../../../../../UnrealProjects/ProjectA/Content/FPS_Assault_Pack/Textures/RU74/T_RU74_Body_M_MSK.uasset" 75
"../../../../../UnrealProjects/ProjectA/Content/FPS_Assault_Pack/Textures/RU74/T_RU74_Body_NRM.uasset" 76
"../../../../../UnrealProjects/ProjectA/Content/FPS_Assault_Pack/Materials/RU74/M_RU74_Master.uasset" 77
"../../../../../UnrealProjects/ProjectA/Content/FPS_Assault_Pack/Textures/Ammunition/T_762x39_ALB.uasset" 78
"../../../../../UnrealProjects/ProjectA/Content/FPS_Assault_Pack/Textures/Ammunition/T_762x39_M_MSK.uasset" 79
"../../../../../UnrealProjects/ProjectA/Content/FPS_Assault_Pack/Textures/Ammunition/T_762x39_NRM.uasset" 80
"../../../../../UnrealProjects/ProjectA/Content/FPS_Assault_Pack/Materials/Ammunition/M_762x39.uasset" 81
"../../../../../UnrealProjects/ProjectA/Content/FPS_Assault_Pack/Meshes/Ammunition/SM_762x39_Empty.uasset" 82
"../../../../../UnrealProjects/ProjectA/Content/FPS_Assault_Pack/Particles/Emitters/Rifle/P_Rifle_ShellEject.uasset" 83
"../../../../../UnrealProjects/ProjectA/Content/FPS_Assault_Pack/Animations/Rifle/A_Rifle_Shoot01.uasset" 84
"../../../../../UnrealProjects/ProjectA/Content/FPS_Assault_Pack/Animations/Rifle/A_Rifle_Shoot01_Montage.uasset" 85
"../../../../../UnrealProjects/ProjectA/Content/FPS_Assault_Pack/Animations/RU74/A_Arms_RU74_Grenade.uasset" 86
"../../../../../UnrealProjects/ProjectA/Content/FPS_Assault_Pack/Animations/RU74/A_Arms_RU74_Grenade_Montage.uasset" 87
"../../../../../UnrealProjects/ProjectA/Content/FPS_Assault_Pack/Animations/RU74/A_Arms_RU74_Melee.uasset" 88
"../../../../../UnrealProjects/ProjectA/Content/FPS_Assault_Pack/Animations/RU74/A_Arms_RU74_Melee_Montage.uasset" 89
"../../../Engine/Content/EditorBlueprintResources/StandardMacros.uasset" 90
"../../../Engine/Content/EngineLightProfiles/Complex_IES.uasset" 91
"../../../../../UnrealProjects/ProjectA/Content/FPS_Assault_Pack/Blueprints/WeaponType.uasset" 92
"../../../../../UnrealProjects/ProjectA/Content/FPS_Assault_Pack/FPS_Arms/Textures/Arms/T_Arms_ALB.uasset" 93
"../../../../../UnrealProjects/ProjectA/Content/FPS_Assault_Pack/FPS_Arms/Textures/Arms/T_Arms_M_MSK.uasset" 94
"../../../../../UnrealProjects/ProjectA/Content/FPS_Assault_Pack/FPS_Arms/Textures/Arms/T_Arms_NRM.uasset" 95
"../../../../../UnrealProjects/ProjectA/Content/FPS_Assault_Pack/FPS_Arms/Materials/Arms/M_Arms.uasset" 96
"../../../../../UnrealProjects/ProjectA/Content/FPS_Assault_Pack/FPS_Arms/Meshes/Arms/SK_Custom_Arms.uasset" 97
"../../../../../UnrealProjects/ProjectA/Content/FPS_Assault_Pack/Textures/Rifle/T_Rifle_ALB.uasset" 98
"../../../../../UnrealProjects/ProjectA/Content/FPS_Assault_Pack/Textures/Rifle/T_Rifle_M_MSK.uasset" 99
"../../../../../UnrealProjects/ProjectA/Content/FPS_Assault_Pack/Textures/Rifle/T_Rifle_NRM.uasset" 100
"../../../../../UnrealProjects/ProjectA/Content/FPS_Assault_Pack/Materials/Rifle/M_Rifle.uasset" 101
"../../../../../UnrealProjects/ProjectA/Content/FPS_Assault_Pack/Textures/Rifle/T_Rifle_Carry_ALB.uasset" 102
"../../../../../UnrealProjects/ProjectA/Content/FPS_Assault_Pack/Textures/Rifle/T_Rifle_Carry_M_MSK.uasset" 103
"../../../../../UnrealProjects/ProjectA/Content/FPS_Assault_Pack/Textures/Rifle/T_Rifle_Carry_NRM.uasset" 104
"../../../../../UnrealProjects/ProjectA/Content/FPS_Assault_Pack/Materials/Rifle/M_Rifle_Carry.uasset" 105
"../../../../../UnrealProjects/ProjectA/Content/FPS_Assault_Pack/Textures/Rifle/T_Rifle_Furniture_ALB.uasset" 106
"../../../../../UnrealProjects/ProjectA/Content/FPS_Assault_Pack/Textures/Rifle/T_Rifle_Furniture_M_MSK.uasset" 107
"../../../../../UnrealProjects/ProjectA/Content/FPS_Assault_Pack/Textures/Rifle/T_Rifle_Furniture_NRM.uasset" 108
"../../../../../UnrealProjects/ProjectA/Content/FPS_Assault_Pack/Materials/Rifle/M_Rifle_Furniture.uasset" 109
"../../../../../UnrealProjects/ProjectA/Content/FPS_Assault_Pack/Meshes/Rifle/SK_Rifle_PhysicsAsset.uasset" 110
"../../../../../UnrealProjects/ProjectA/Content/FPS_Assault_Pack/Meshes/Rifle/SK_Rifle.uasset" 111
"../../../../../UnrealProjects/ProjectA/Content/FPS_Assault_Pack/Blueprints/BP_MainCharacter.uasset" 112
"../../../../../UnrealProjects/ProjectA/Content/FPS_Assault_Pack/Blueprints/BP_FPS_GameMode.uasset" 113
"../../../../../UnrealProjects/ProjectA/Content/FPS_Assault_Pack/Animations/Rifle/A_Arms_Rifle_Isight_Idle01.uasset" 114
"../../../../../UnrealProjects/ProjectA/Content/FPS_Assault_Pack/Animations/Rifle/A_Arms_Rifle_Isight_Walk_FWD.uasset" 115
"../../../../../UnrealProjects/ProjectA/Content/FPS_Assault_Pack/Animations/Rifle/BP_Rifle_Skeleton_AnimBP.uasset" 116
"../../../../../UnrealProjects/ProjectA/Content/FPS_Assault_Pack/Animations/Rifle/A_Arms_Rifle_Isight_Shoot01.uasset" 117
"../../../../../UnrealProjects/ProjectA/Content/FPS_Assault_Pack/Animations/Rifle/A_Arms_Rifle_Isight_Shoot01_Montage.uasset" 118
"../../../../../UnrealProjects/ProjectA/Content/FPS_Assault_Pack/Animations/Rifle/A_Arms_Rifle_Isight_Shoot02.uasset" 119
"../../../../../UnrealProjects/ProjectA/Content/FPS_Assault_Pack/Animations/Rifle/A_Arms_Rifle_Isight_Shoot02_Montage.uasset" 120
"../../../../../UnrealProjects/ProjectA/Content/FPS_Assault_Pack/Blueprints/BP_Rifle_Character.uasset" 121
"../../../../../UnrealProjects/ProjectA/Content/FPS_Assault_Pack/Animations/Rifle/BP_Rifle_Arms_AnimBP.uasset" 122
"../../../../../UnrealProjects/ProjectA/Content/FPS_Assault_Pack/Blueprints/Rifle/BP_Rifle_Character.uasset" 123
"../../../../../UnrealProjects/ProjectA/Content/FPS_Assault_Pack/FPS_Arms/Textures/Arms/T_Arms_Bloody_ALB.uasset" 124
"../../../../../UnrealProjects/ProjectA/Content/FPS_Assault_Pack/FPS_Arms/Textures/Arms/T_Arms_Bloody_M_MSK.uasset" 125
"../../../../../UnrealProjects/ProjectA/Content/FPS_Assault_Pack/FPS_Arms/Textures/Arms/T_Arms_Bloody_NRM.uasset" 126
"../../../../../UnrealProjects/ProjectA/Content/FPS_Assault_Pack/FPS_Arms/Materials/Arms/M_Arms_Bloody.uasset" 127
"../../../../../UnrealProjects/ProjectA/Content/FPS_Assault_Pack/FPS_Arms/Textures/Arms/T_Arms_Dark_ALB.uasset" 128
"../../../../../UnrealProjects/ProjectA/Content/FPS_Assault_Pack/FPS_Arms/Materials/Arms/M_Arms_Dark.uasset" 129
"../../../../../UnrealProjects/ProjectA/Content/FPS_Assault_Pack/Meshes/Ammunition/SM_556x45_Empty.uasset" 130
"../../../../../UnrealProjects/ProjectA/Content/FPS_Assault_Pack/Meshes/Rifle/SK_Rifle_NoAddons.uasset" 131
"../../../../../UnrealProjects/ProjectA/Content/FPS_Assault_Pack/Meshes/Rifle/SM_Rifle_CarryHandle.uasset" 132
"../../../../../UnrealProjects/ProjectA/Content/FPS_Assault_Pack/Meshes/Rifle/SM_Rifle_Muzzle.uasset" 133
"../../../../../UnrealProjects/ProjectA/Content/FPS_Assault_Pack/Materials/RU74/M_RU74_Body.uasset" 134
"../../../../../UnrealProjects/ProjectA/Content/FPS_Assault_Pack/Textures/RU74/T_RU74_Mag_ALB.uasset" 135
"../../../../../UnrealProjects/ProjectA/Content/FPS_Assault_Pack/Textures/RU74/T_RU74_Mag_M_MSK.uasset" 136
"../../../../../UnrealProjects/ProjectA/Content/FPS_Assault_Pack/Textures/RU74/T_RU74_Mag_NRM.uasset" 137
"../../../../../UnrealProjects/ProjectA/Content/FPS_Assault_Pack/Materials/RU74/M_RU74_Mag.uasset" 138
"../../../../../UnrealProjects/ProjectA/Content/FPS_Assault_Pack/Textures/RU74/T_RU74_Stock_ALB.uasset" 139
"../../../../../UnrealProjects/ProjectA/Content/FPS_Assault_Pack/Textures/RU74/T_RU74_Stock_M_MSK.uasset" 140
"../../../../../UnrealProjects/ProjectA/Content/FPS_Assault_Pack/Textures/RU74/T_RU74_Stock_NRM.uasset" 141
"../../../../../UnrealProjects/ProjectA/Content/FPS_Assault_Pack/Materials/RU74/M_RU74_Stock.uasset" 142
"../../../../../UnrealProjects/ProjectA/Content/FPS_Assault_Pack/Meshes/RU74/SK_RU74_Skeleton.uasset" 143
"../../../../../UnrealProjects/ProjectA/Content/FPS_Assault_Pack/Meshes/RU74/SK_RU74_NoAddons.uasset" 144
"../../../../../UnrealProjects/ProjectA/Content/FPS_Assault_Pack/Meshes/RU74/SM_RU74_Muzzle.uasset" 145
"../../../../../UnrealProjects/ProjectA/Content/FPS_Assault_Pack/Particles/Textures/T_Dense_FMP.uasset" 146
"../../../../../UnrealProjects/ProjectA/Content/FPS_Assault_Pack/Particles/Textures/T_Wobbly_FMP.uasset" 147
"../../../../../UnrealProjects/ProjectA/Content/Geometry/Meshes/CubeMaterial.uasset" 148
"../../../../../UnrealProjects/ProjectA/Content/Geometry/Meshes/1M_Cube_Chamfer.uasset" 149
"../../../../../UnrealProjects/ProjectA/Content/Geometry/Meshes/TemplateFloor.uasset" 150
"../../../../../UnrealProjects/ProjectA/Content/StarterContent/Architecture/Pillar_50x500.uasset" 151
"../../../../../UnrealProjects/ProjectA/Content/StarterContent/Architecture/Wall_400x300.uasset" 152
"../../../../../UnrealProjects/ProjectA/Content/StarterContent/Architecture/Wall_400x400.uasset" 153
"../../../../../UnrealProjects/ProjectA/Content/StarterContent/Architecture/Wall_500x500.uasset" 154
"../../../../../UnrealProjects/ProjectA/Content/StarterContent/Architecture/Wall_Door_400x400.uasset" 155
"../../../../../UnrealProjects/ProjectA/Content/StarterContent/Architecture/Wall_Window_400x400.uasset" 156
"../../../../../UnrealProjects/ProjectA/Content/StarterContent/Audio/Collapse01.uasset" 157
"../../../../../UnrealProjects/ProjectA/Content/StarterContent/Audio/Collapse02.uasset" 158
"../../../../../UnrealProjects/ProjectA/Content/StarterContent/Audio/Explosion01.uasset" 159
"../../../../../UnrealProjects/ProjectA/Content/StarterContent/Audio/Explosion02.uasset" 160
"../../../../../UnrealProjects/ProjectA/Content/StarterContent/Audio/Fire01.uasset" 161
"../../../../../UnrealProjects/ProjectA/Content/StarterContent/Audio/Fire_Sparks01.uasset" 162
"../../../../../UnrealProjects/ProjectA/Content/StarterContent/Audio/Light01.uasset" 163
"../../../../../UnrealProjects/ProjectA/Content/StarterContent/Audio/Light01_Cue.uasset" 164
"../../../../../UnrealProjects/ProjectA/Content/StarterContent/Audio/Light02.uasset" 165
"../../../../../UnrealProjects/ProjectA/Content/StarterContent/Audio/Light02_Cue.uasset" 166
"../../../../../UnrealProjects/ProjectA/Content/StarterContent/Audio/Smoke01.uasset" 167
"../../../../../UnrealProjects/ProjectA/Content/StarterContent/Audio/Starter_Birds01.uasset" 168
"../../../../../UnrealProjects/ProjectA/Content/StarterContent/Audio/Starter_Music01.uasset" 169
"../../../../../UnrealProjects/ProjectA/Content/StarterContent/Audio/Starter_Wind05.uasset" 170
"../../../../../UnrealProjects/ProjectA/Content/StarterContent/Audio/Starter_Wind06.uasset" 171
"../../../../../UnrealProjects/ProjectA/Content/StarterContent/Audio/Steam01.uasset" 172
"../../../../../UnrealProjects/ProjectA/Content/StarterContent/Audio/Explosion_Cue.uasset" 173
"../../../../../UnrealProjects/ProjectA/Content/StarterContent/Blueprints/Blueprint_Effect_Explosion.uasset" 174
"../../../Engine/Content/EditorMeshes/ColorCalibrator/T_ColorGrid.uasset" 175
"../../../../../UnrealProjects/ProjectA/Content/StarterContent/Materials/M_ColorGrid_LowSpec.uasset" 176
"../../../../../UnrealProjects/ProjectA/Content/StarterContent/Textures/T_Bush_D.uasset" 177
"../../../../../UnrealProjects/ProjectA/Content/StarterContent/Textures/T_Bush_N.uasset" 178
"../../../../../UnrealProjects/ProjectA/Content/StarterContent/Props/Materials/M_Bush.uasset" 179
"../../../../../UnrealProjects/ProjectA/Content/StarterContent/Props/SM_Bush.uasset" 180
"../../../../../UnrealProjects/ProjectA/Content/StarterContent/Textures/T_Chair_M.uasset" 181
"../../../../../UnrealProjects/ProjectA/Content/StarterContent/Textures/T_Chair_N.uasset" 182
"../../../../../UnrealProjects/ProjectA/Content/StarterContent/Props/Materials/M_Chair.uasset" 183
"../../../../../UnrealProjects/ProjectA/Content/StarterContent/Props/SM_Couch.uasset" 184
"../../../../../UnrealProjects/ProjectA/Content/StarterContent/Materials/M_Glass.uasset" 185
"../../../../../UnrealProjects/ProjectA/Content/StarterContent/Textures/T_Door_M.uasset" 186
"../../../../../UnrealProjects/ProjectA/Content/StarterContent/Textures/T_Door_N.uasset" 187
"../../../../../UnrealProjects/ProjectA/Content/StarterContent/Props/Materials/M_Door.uasset" 188
"../../../../../UnrealProjects/ProjectA/Content/StarterContent/Props/SM_Door.uasset" 189
"../../../../../UnrealProjects/ProjectA/Content/StarterContent/Props/Materials/M_MaterialSphere.uasset" 190
"../../../../../UnrealProjects/ProjectA/Content/StarterContent/Props/Materials/M_MaterialSphere_Plain.uasset" 191
"../../../../../UnrealProjects/ProjectA/Content/StarterContent/Props/SM_MatPreviewMesh_02.uasset" 192
"../../../Engine/Content/Functions/Engine_MaterialFunctions02/Utility/BlendAngleCorrectedNormals.uasset" 193
"../../../../../UnrealProjects/ProjectA/Content/StarterContent/Textures/T_Detail_Rocky_N.uasset" 194
"../../../../../UnrealProjects/ProjectA/Content/StarterContent/Textures/T_Rock_Basalt_D.uasset" 195
"../../../../../UnrealProjects/ProjectA/Content/StarterContent/Textures/T_RockMesh_M.uasset" 196
"../../../../../UnrealProjects/ProjectA/Content/StarterContent/Textures/T_RockMesh_N.uasset" 197
"../../../../../UnrealProjects/ProjectA/Content/StarterContent/Props/Materials/M_Rock.uasset" 198
"../../../../../UnrealProjects/ProjectA/Content/StarterContent/Props/SM_Rock.uasset" 199
"../../../../../UnrealProjects/ProjectA/Content/StarterContent/Textures/T_Shelf_M.uasset" 200
"../../../../../UnrealProjects/ProjectA/Content/StarterContent/Textures/T_Shelf_N.uasset" 201
"../../../../../UnrealProjects/ProjectA/Content/StarterContent/Props/Materials/M_Shelf.uasset" 202
"../../../../../UnrealProjects/ProjectA/Content/StarterContent/Props/SM_Shelf.uasset" 203
"../../../../../UnrealProjects/ProjectA/Content/StarterContent/Materials/M_Basic_Floor.uasset" 204
"../../../../../UnrealProjects/ProjectA/Content/StarterContent/Props/SM_Stairs.uasset" 205
"../../../../../UnrealProjects/ProjectA/Content/StarterContent/Shapes/Shape_Cone.uasset" 206
"../../../../../UnrealProjects/ProjectA/Content/StarterContent/Shapes/Shape_Cylinder.uasset" 207
"../../../../../UnrealProjects/ProjectA/Content/StarterContent/Shapes/Shape_NarrowCapsule.uasset" 208
"../../../../../UnrealProjects/ProjectA/Content/StarterContent/Shapes/Shape_Pipe.uasset" 209
"../../../../../UnrealProjects/ProjectA/Content/StarterContent/Shapes/Shape_Pipe_180.uasset" 210
"../../../../../UnrealProjects/ProjectA/Content/StarterContent/Shapes/Shape_Pipe_90.uasset" 211
"../../../../../UnrealProjects/ProjectA/Content/StarterContent/Shapes/Shape_Plane.uasset" 212
"../../../../../UnrealProjects/ProjectA/Content/StarterContent/Shapes/Shape_Torus.uasset" 213
"../../../../../UnrealProjects/ProjectA/Content/StarterContent/Shapes/Shape_Trim.uasset" 214
"../../../../../UnrealProjects/ProjectA/Content/StarterContent/Shapes/Shape_Trim_90_In.uasset" 215
"../../../../../UnrealProjects/ProjectA/Content/StarterContent/Shapes/Shape_Trim_90_Out.uasset" 216
"../../../../../UnrealProjects/ProjectA/Content/StarterContent/Shapes/Shape_TriPyramid.uasset" 217
"../../../../../UnrealProjects/ProjectA/Content/StarterContent/Shapes/Shape_Tube.uasset" 218
"../../../../../UnrealProjects/ProjectA/Content/StarterContent/Shapes/Shape_Wedge_A.uasset" 219
"../../../../../UnrealProjects/ProjectA/Content/StarterContent/Shapes/Shape_Wedge_B.uasset" 220
"../../../../../UnrealProjects/ProjectA/Content/StarterContent/Shapes/Shape_WideCapsule.uasset" 221
"../../../Engine/Content/Animation/DefaultAnimBoneCompressionSettings.uasset" 222
"../../../Engine/Content/Animation/DefaultAnimCurveCompressionSettings.uasset" 223
"../../../Engine/Content/EngineMaterials/WorldGridMaterial.uasset" 224
"../../../Engine/Content/ArtTools/RenderToTexture/Meshes/S_1_Unit_Plane.uasset" 225
"../../../Engine/Content/BasicShapes/Cone.uasset" 226
"../../../Engine/Content/BasicShapes/Cube.uasset" 227
"../../../Engine/Content/BasicShapes/Plane.uasset" 228
"../../../Engine/Content/BasicShapes/Sphere.uasset" 229
"../../../Engine/Content/EditorLandscapeResources/DataLayer.uasset" 230
"../../../Engine/Content/EditorMaterials/MAT_Groups_Toggle.uasset" 231
"../../../Engine/Content/EditorMaterials/MAT_Groups_Visibility.uasset" 232
"../../../Engine/Content/EditorMaterials/PreviewShadowIndicator.uasset" 233
"../../../Engine/Content/EditorMaterials/PreviewShadowIndicatorMaterial.uasset" 234
"../../../Engine/Content/EditorMaterials/MatineeGroups/MAT_ColorTrack.uasset" 235
"../../../Engine/Content/EditorMaterials/MatineeGroups/MAT_Groups_Anim.uasset" 236
"../../../Engine/Content/EditorMaterials/MatineeGroups/MAT_Groups_AudioMaster.uasset" 237
"../../../Engine/Content/EditorMaterials/MatineeGroups/MAT_Groups_Director.uasset" 238
"../../../Engine/Content/EditorMaterials/MatineeGroups/MAT_Groups_Event.uasset" 239
"../../../Engine/Content/EditorMaterials/MatineeGroups/MAT_Groups_Fade.uasset" 240
"../../../Engine/Content/EditorMaterials/MatineeGroups/MAT_Groups_Float.uasset" 241
"../../../Engine/Content/EditorMaterials/MatineeGroups/MAT_Groups_Move.uasset" 242
"../../../Engine/Content/EditorMaterials/MatineeGroups/MAT_Groups_Slomo.uasset" 243
"../../../Engine/Content/EditorMaterials/MatineeGroups/MAT_Groups_Sound.uasset" 244
"../../../Engine/Content/EditorMaterials/MatineeGroups/MAT_Groups_Vector.uasset" 245
"../../../Engine/Content/EditorMaterials/ParticleSystems/PSysThumbnail_NoImage.uasset" 246
"../../../Engine/Content/EditorMaterials/ParticleSystems/PSysThumbnail_OOD.uasset" 247
"../../../Engine/Content/EditorMaterials/Camera/CineMat.uasset" 248
"../../../Engine/Content/EditorMaterials/Camera/MI_CineMat_Rig.uasset" 249
"../../../Engine/Content/EditorMeshes/Camera/SM_CraneRig_Arm.uasset" 250
"../../../Engine/Content/EditorMeshes/Camera/SM_CraneRig_Base.uasset" 251
"../../../Engine/Content/EditorMeshes/Camera/SM_CraneRig_Body.uasset" 252
"../../../Engine/Content/EditorMeshes/Camera/SM_CraneRig_Mount.uasset" 253
"../../../Engine/Content/EditorMeshes/Camera/SM_RailRig_Mount.uasset" 254
"../../../Engine/Content/EditorMeshes/Camera/SM_RailRig_Track.uasset" 255
"../../../Engine/Content/EditorResources/BSPVertex.uasset" 256
"../../../Engine/Content/EditorResources/EmptyActor.uasset" 257
"../../../Engine/Content/EditorResources/S_Actor.uasset" 258
"../../../Engine/Content/EditorResources/S_Note.uasset" 259
"../../../Engine/Content/EditorResources/S_Solver.uasset" 260
"../../../Engine/Content/EditorResources/S_Trigger.uasset" 261
"../../../Engine/Content/EditorResources/AudioIcons/S_AudioComponent.uasset" 262
"../../../Engine/Content/EditorResources/AudioIcons/S_AudioComponent_AutoActivate.uasset" 263
"../../../Engine/Content/EditorResources/LightIcons/S_LightError.uasset" 264
"../../../Engine/Content/EditorResources/SequenceRecorder/Countdown.uasset" 265
"../../../Engine/Content/EditorResources/SequenceRecorder/RecordingIndicator.uasset" 266
"../../../Engine/Content/EditorSounds/Notifications/CompileFailed.uasset" 267
"../../../Engine/Content/EditorSounds/Notifications/CompileFailed_Cue.uasset" 268
"../../../Engine/Content/EditorSounds/Notifications/CompileSuccess.uasset" 269
"../../../Engine/Content/EditorSounds/Notifications/CompileStart_Cue.uasset" 270
"../../../Engine/Content/EngineDamageTypes/DmgTypeBP_Environmental.uasset" 271
"../../../Engine/Content/EngineDebugMaterials/DebugEditorMaterial.uasset" 272
"../../../Engine/Content/EngineDebugMaterials/DebugMeshMaterial.uasset" 273
"../../../Engine/Content/EngineDebugMaterials/M_SimpleUnlitTranslucent.uasset" 274
"../../../Engine/Content/Functions/Engine_MaterialFunctions02/Utility/CameraDirectionVector.uasset" 275
"../../../Engine/Content/EngineDebugMaterials/VolumeToRender.uasset" 276
"../../../Engine/Content/EngineDebugMaterials/M_VolumeRenderSphereTracePP.uasset" 277
"../../../Engine/Content/EngineDebugMaterials/WireframeMaterial.uasset" 278
"../../../Engine/Content/EngineFonts/Faces/DroidSansFallback.uasset" 279
"../../../Engine/Content/EngineFonts/Faces/RobotoBold.uasset" 280
"../../../Engine/Content/EngineFonts/Faces/RobotoBoldItalic.uasset" 281
"../../../Engine/Content/EngineFonts/Faces/RobotoItalic.uasset" 282
"../../../Engine/Content/EngineFonts/Faces/RobotoLight.uasset" 283
"../../../Engine/Content/EngineFonts/Faces/RobotoRegular.uasset" 284
"../../../Engine/Content/EngineFonts/Roboto.uasset" 285
"../../../Engine/Content/EngineMaterials/BaseFlattenDiffuseMap.uasset" 286
"../../../Engine/Content/EngineMaterials/BaseFlattenEmissiveMap.uasset" 287
"../../../Engine/Content/EngineMaterials/BaseFlattenGrayscaleMap.uasset" 288
"../../../Engine/Content/EngineMaterials/BaseFlattenNormalMap.uasset" 289
"../../../Engine/Content/EngineMaterials/BaseFlattenMaterial.uasset" 290
"../../../Engine/Content/EngineMaterials/BlueNoise.uasset" 291
"../../../Engine/Content/EngineMaterials/DefaultBloomKernel.uasset" 292
"../../../Engine/Content/EngineMaterials/DefaultBokeh.uasset" 293
"../../../Engine/Content/EngineMaterials/DefaultDiffuse.uasset" 294
"../../../Engine/Content/EngineMaterials/DefaultDeferredDecalMaterial.uasset" 295
"../../../Engine/Content/EngineMaterials/DefaultLightFunctionMaterial.uasset" 296
"../../../Engine/Content/EngineMaterials/DefaultPhysicalMaterial.uasset" 297
"../../../Engine/Content/Functions/Engine_MaterialFunctions02/Utility/BreakOutFloat2Components.uasset" 298
"../../../Engine/Content/EngineMaterials/DefaultPostProcessMaterial.uasset" 299
"../../../Engine/Content/EngineFonts/RobotoDistanceField.uasset" 300
"../../../Engine/Content/EngineMaterials/DefaultTextMaterialOpaque.uasset" 301
"../../../Engine/Content/EngineMaterials/DefaultWhiteGrid.uasset" 302
"../../../Engine/Content/EngineMaterials/DefaultWhiteGrid_Low.uasset" 303
"../../../Engine/Content/EngineMaterials/EmissiveMeshMaterial.uasset" 304
"../../../Engine/Content/EngineMaterials/GizmoMaterial.uasset" 305
"../../../Engine/Content/EngineMaterials/Good64x64TilingNoiseHighFreq.uasset" 306
"../../../Engine/Content/EngineMaterials/MiniFont.uasset" 307
"../../../Engine/Content/EngineMaterials/InvalidLightmapSettings.uasset" 308
"../../../Engine/Content/EngineMaterials/M_InvalidLightmapSettings.uasset" 309
"../../../Engine/Content/Functions/Engine_MaterialFunctions02/WorldPositionOffset/CameraOffset.uasset" 310
"../../../Engine/Content/EngineMaterials/PhAT_JointLimitMaterial.uasset" 311
"../../../Engine/Content/EngineMaterials/PreintegratedSkinBRDF.uasset" 312
"../../../Engine/Content/EngineMaterials/RemoveSurfaceMaterial.uasset" 313
"../../../Engine/Content/EngineMaterials/WeightMapPlaceholderTexture.uasset" 314
"../../../Engine/Content/EngineResources/WhiteSquareTexture.uasset" 315
"../../../Engine/Content/EngineMaterials/Widget3DPassThrough.uasset" 316
"../../../Engine/Content/EngineMaterials/Widget3DPassThrough_Masked.uasset" 317
"../../../Engine/Content/EngineMaterials/Widget3DPassThrough_Opaque.uasset" 318
"../../../Engine/Content/EngineMaterials/Widget3DPassThrough_Masked_OneSided.uasset" 319
"../../../Engine/Content/EngineMaterials/Widget3DPassThrough_Opaque_OneSided.uasset" 320
"../../../Engine/Content/EngineMaterials/Widget3DPassThrough_Translucent.uasset" 321
"../../../Engine/Content/EngineMaterials/Widget3DPassThrough_Translucent_OneSided.uasset" 322
"../../../Engine/Content/EngineMeshes/Cylinder.uasset" 323
"../../../Engine/Content/EngineMeshes/Sphere.uasset" 324
"../../../Engine/Content/EngineResources/Black.uasset" 325
"../../../Engine/Content/EngineResources/DefaultTexture.uasset" 326
"../../../Engine/Content/EngineResources/DefaultTextureCube.uasset" 327
"../../../Engine/Content/EngineResources/DefaultVolumeTexture2D.uasset" 328
"../../../Engine/Content/EngineResources/DefaultVolumeTexture.uasset" 329
"../../../Engine/Content/EngineResources/GradientTexture0.uasset" 330
"../../../Engine/Content/EngineSounds/Master.uasset" 331
"../../../Engine/Content/Functions/Engine_MaterialFunctions01/Shading/ConvertFromDiffSpec.uasset" 332
"../../../Engine/Content/Functions/Engine_MaterialFunctions01/Shading/PowerToRoughness.uasset" 333
"../../../Engine/Content/Maps/Templates/Thumbnails/Default.uasset" 334
"../../../Engine/Content/Maps/Templates/Thumbnails/TimeOfDay.uasset" 335
"../../../Engine/Content/Maps/Templates/Thumbnails/VR-Basic.uasset" 336
"../../../Engine/Content/MobileResources/T_MobileControls_texture.uasset" 337
"../../../Engine/Content/MobileResources/T_MobileMenu2.uasset" 338
"../../../Engine/Content/MobileResources/HUD/AnalogHat.uasset" 339
"../../../Engine/Content/MobileResources/HUD/VirtualJoystick_Background.uasset" 340
"../../../Engine/Content/MobileResources/HUD/VirtualJoystick_Thumb.uasset" 341
"../../../Engine/Content/MobileResources/HUD/DefaultVirtualJoysticks.uasset" 342
"../../../Engine/Content/MobileResources/HUD/LeftVirtualJoystickOnly.uasset" 343
"../../../Engine/Content/MobileResources/HUD/MobileHUDButton1_off.uasset" 344
"../../../Engine/Content/MobileResources/HUD/MobileHUDButton1_on.uasset" 345
"../../../Engine/Content/MobileResources/HUD/MobileHUDButton2_off.uasset" 346
"../../../Engine/Content/MobileResources/HUD/MobileHUDButton2_on.uasset" 347
"../../../Engine/Content/MobileResources/HUD/MobileHUDButton3.uasset" 348
"../../../Engine/Content/MobileResources/HUD/MobileHUDButtonFire.uasset" 349
"../../../Engine/Content/MobileResources/HUD/MobileHUDDirectionPad.uasset" 350
"../../../Engine/Content/MobileResources/HUD/MobileHUDDirectionPad2.uasset" 351
"../../../Engine/Content/MobileResources/HUD/MobileHUDDirectionPad3.uasset" 352
"../../../Engine/Content/MobileResources/HUD/MobileHUDDirectionStick.uasset" 353
"../../../Engine/Content/MobileResources/HUD/T_Castle_ThumbstickInner.uasset" 354
"../../../Engine/Content/MobileResources/HUD/T_Castle_ThumbstickOutter.uasset" 355
"../../../Engine/Content/Tutorial/ContentIntroCurve.uasset" 356
"../../../Engine/Content/Tutorial/Basics/LevelEditorAttract.uasset" 357
"../../../Engine/Content/VREditor/LaserPointer/VR_LaserPower_01.uasset" 358
"../../../Engine/Content/VREditor/TransformGizmo/TransformGizmoMaterial.uasset" 359
"../../../Engine/Content/VREditor/TransformGizmo/TranslucentTransformGizmoMaterial.uasset" 360
"../../../Engine/Content/VREditor/TransformGizmo/BoundingBoxCorner.uasset" 361
"../../../Engine/Content/VREditor/TransformGizmo/BoundingBoxEdge.uasset" 362
"../../../Engine/Content/VREditor/TransformGizmo/PlaneTranslationHandle.uasset" 363
"../../../Engine/Content/VREditor/TransformGizmo/Main.uasset" 364
"../../../Engine/Content/VREditor/TransformGizmo/Xray.uasset" 365
"../../../Engine/Content/VREditor/TransformGizmo/SM_Sequencer_Key.uasset" 366
"../../../Engine/Content/VREditor/TransformGizmo/SM_Sequencer_Node.uasset" 367
"../../Plugins/2D/Paper2D/Content/PlaceholderTextures/DummySpriteTexture.uasset" 368
"../../Plugins/2D/Paper2D/Content/DummySprite.uasset" 369
"../../Plugins/2D/Paper2D/Content/DefaultPaperTerrainMaterial.uasset" 370
"../../Plugins/2D/Paper2D/Content/DefaultSpriteMaterial.uasset" 371
"../../Plugins/2D/Paper2D/Content/MaskedUnlitSpriteMaterial.uasset" 372
"../../Plugins/2D/Paper2D/Content/OpaqueUnlitSpriteMaterial.uasset" 373
"../../Plugins/FX/Niagara/Content/Enums/ENiagaraBooleanLogicOps.uasset" 374
"../../Plugins/FX/Niagara/Content/Enums/ENiagaraCoordinateSpace.uasset" 375
"../../Plugins/FX/Niagara/Content/Enums/ENiagaraExpansionMode.uasset" 376
"../../Plugins/FX/Niagara/Content/Enums/ENiagaraOrientationAxis.uasset" 377
"../../Plugins/FX/Niagara/Content/Enums/ENiagaraRandomnessMode.uasset" 378
"../../../Engine/Content/Functions/Engine_MaterialFunctions02/Utility/BreakOutFloat4Components.uasset" 379
"../../../Engine/Content/Functions/Engine_MaterialFunctions02/Utility/MakeFloat2.uasset" 380
"../../../Engine/Content/Functions/Engine_MaterialFunctions02/Utility/MakeFloat3.uasset" 381
"../../Plugins/Runtime/Oculus/OculusVR/Content/Materials/OculusMR_ChromaKey.uasset" 382
"../../Plugins/Runtime/Oculus/OculusVR/Content/Materials/OculusMR_ChromaKey_Lit.uasset" 383
"../../Plugins/Runtime/Oculus/OculusVR/Content/Materials/OculusMR_OpaqueColoredMaterial.uasset" 384
"../../Plugins/Runtime/Oculus/OculusVR/Content/Materials/OculusMR_WhiteMaterial.uasset" 385
"../../../Engine/Content/EngineSky/C_Sky_Cloud_Color.uasset" 386
"../../../Engine/Content/EngineSky/C_Sky_Horizon_Color.uasset" 387
"../../../Engine/Content/EngineSky/C_Sky_Zenith_Color.uasset" 388
"../../../Engine/Content/EngineSky/T_Sky_Blue.uasset" 389
"../../../Engine/Content/EngineSky/T_Sky_Clouds_M.uasset" 390
"../../../Engine/Content/EngineSky/T_Sky_Stars.uasset" 391
"../../../Engine/Content/EngineSky/M_Sky_Panning_Clouds2.uasset" 392
"../../../Engine/Content/EngineSky/SM_SkySphere.uasset" 393
"../../../Engine/Content/EngineSky/BP_Sky_Sphere.uasset" 394
"../../../../../UnrealProjects/ProjectA/Content/FirstPersonBP/Sun/M_Crystal.uasset" 395
"../../../Engine/Content/EditorSounds/Notifications/CompileSuccess_Cue.uasset" 396
"../../../../../UnrealProjects/ProjectA/Content/StarterContent/Shapes/Shape_QuadPyramid.uasset" 397
"../../../../../UnrealProjects/ProjectA/Content/FirstPersonBP/Sun/BP_Crystal.uasset" 398
"../../../../../UnrealProjects/ProjectA/Content/FirstPersonBP/Maps/FirstPersonExampleMap_BuiltData.uasset" 399
"../../../Engine/Content/Functions/Engine_MaterialFunctions03/Procedurals/ComputeFilterWidth.uasset" 400
"../../../Engine/Content/EngineMaterials/AntiAliasedTextMaterialTranslucent.uasset" 401
"../../../../../UnrealProjects/ProjectA/Content/Geometry/Meshes/1M_Cube.uasset" 402
"../../../../../UnrealProjects/ProjectA/Content/FirstPersonBP/Maps/FirstPersonExampleMap.umap" 403
"../../../../../UnrealProjects/ProjectA/Content/StarterContent/Blueprints/Assets/FogBrightnessLUT.uasset" 404
"../../../../../UnrealProjects/ProjectA/Content/StarterContent/Blueprints/Assets/SunlightColorLUT.uasset" 405
"../../../../../UnrealProjects/ProjectA/Content/StarterContent/Blueprints/Assets/M_LightStage_Arrows.uasset" 406
"../../../Engine/Content/MapTemplates/Sky/DaylightAmbientCubemap.uasset" 407
"../../../../../UnrealProjects/ProjectA/Content/StarterContent/Blueprints/Assets/M_LightStage_Skybox_Master.uasset" 408
"../../../../../UnrealProjects/ProjectA/Content/StarterContent/Blueprints/Assets/M_LightStage_Skybox_Black.uasset" 409
"../../../../../UnrealProjects/ProjectA/Content/StarterContent/Blueprints/Assets/M_LightStage_Skybox_HDRI.uasset" 410
"../../../Engine/Content/EditorMaterials/Thumbnails/SkySphereMaterial.uasset" 411
"../../../../../UnrealProjects/ProjectA/Content/StarterContent/Blueprints/Assets/Skybox.uasset" 412
"../../../../../UnrealProjects/ProjectA/Content/StarterContent/Blueprints/Assets/SM_Arrows.uasset" 413
"../../../../../UnrealProjects/ProjectA/Content/StarterContent/HDRI/HDRI_Epic_Courtyard_Daylight.uasset" 414
"../../../../../UnrealProjects/ProjectA/Content/StarterContent/Blueprints/BP_LightStudio.uasset" 415
"../../../../../UnrealProjects/ProjectA/Content/StarterContent/Maps/Advanced_Lighting_BuiltData.uasset" 416
"../../../../../UnrealProjects/ProjectA/Content/StarterContent/Materials/M_AssetPlatform.uasset" 417
"../../../Engine/Content/EditorMeshes/ColorCalibrator/M_ChromeBall.uasset" 418
"../../../Engine/Content/EditorMeshes/ColorCalibrator/M_ClearCoat.uasset" 419
"../../../Engine/Content/EditorMeshes/ColorCalibrator/M_ClearCoatBlack.uasset" 420
"../../../Engine/Content/EditorMeshes/ColorCalibrator/Color_checker.uasset" 421
"../../../Engine/Content/EditorMeshes/ColorCalibrator/M_ColorGrid.uasset" 422
"../../../Engine/Content/EditorMeshes/ColorCalibrator/M_GreyBall.uasset" 423
"../../../Engine/Content/EditorMeshes/ColorCalibrator/SM_ColorCalibrator.uasset" 424
"../../../../../UnrealProjects/ProjectA/Content/StarterContent/Architecture/SM_AssetPlatform.uasset" 425
"../../../../../UnrealProjects/ProjectA/Content/StarterContent/Maps/Advanced_Lighting.umap" 426
"../../../../../UnrealProjects/ProjectA/Content/StarterContent/Maps/Minimal_Default_BuiltData.uasset" 427
"../../../../../UnrealProjects/ProjectA/Content/StarterContent/Materials/M_Metal_Brushed_Nickel.uasset" 428
"../../../../../UnrealProjects/ProjectA/Content/StarterContent/Textures/T_Metal_Aluminum_D.uasset" 429
"../../../../../UnrealProjects/ProjectA/Content/StarterContent/Textures/T_Metal_Gold_N.uasset" 430
"../../../../../UnrealProjects/ProjectA/Content/StarterContent/Materials/M_Metal_Burnished_Steel.uasset" 431
"../../../../../UnrealProjects/ProjectA/Content/StarterContent/Textures/T_Metal_Copper_D.uasset" 432
"../../../../../UnrealProjects/ProjectA/Content/StarterContent/Materials/M_Metal_Copper.uasset" 433
"../../../../../UnrealProjects/ProjectA/Content/StarterContent/Textures/T_Statue_M.uasset" 434
"../../../../../UnrealProjects/ProjectA/Content/StarterContent/Textures/T_Statue_N.uasset" 435
"../../../../../UnrealProjects/ProjectA/Content/StarterContent/Props/Materials/M_StatueGlass.uasset" 436
"../../../../../UnrealProjects/ProjectA/Content/StarterContent/Architecture/Floor_400x400.uasset" 437
"../../../../../UnrealProjects/ProjectA/Content/StarterContent/Audio/Starter_Background_Cue.uasset" 438
"../../../../../UnrealProjects/ProjectA/Content/StarterContent/Props/SM_Chair.uasset" 439
"../../../../../UnrealProjects/ProjectA/Content/StarterContent/Props/Materials/M_Statue.uasset" 440
"../../../../../UnrealProjects/ProjectA/Content/StarterContent/Props/SM_Statue.uasset" 441
"../../../../../UnrealProjects/ProjectA/Content/StarterContent/Textures/T_TableRound_M.uasset" 442
"../../../../../UnrealProjects/ProjectA/Content/StarterContent/Textures/T_TableRound_N.uasset" 443
"../../../../../UnrealProjects/ProjectA/Content/StarterContent/Props/Materials/M_TableRound.uasset" 444
"../../../../../UnrealProjects/ProjectA/Content/StarterContent/Props/SM_TableRound.uasset" 445
"../../../../../UnrealProjects/ProjectA/Content/StarterContent/Maps/Minimal_Default.umap" 446
"../../../../../UnrealProjects/ProjectA/Content/StarterContent/Audio/Fire01_Cue.uasset" 447
"../../../../../UnrealProjects/ProjectA/Content/StarterContent/Textures/T_Fire_SubUV.uasset" 448
"../../../../../UnrealProjects/ProjectA/Content/StarterContent/Textures/T_Fire_Tiled_D.uasset" 449
"../../../../../UnrealProjects/ProjectA/Content/StarterContent/Particles/Materials/M_Fire_SubUV.uasset" 450
"../../../../../UnrealProjects/ProjectA/Content/StarterContent/Textures/T_Water_N.uasset" 451
"../../../../../UnrealProjects/ProjectA/Content/StarterContent/Particles/Materials/M_Heat_Distortion.uasset" 452
"../../../../../UnrealProjects/ProjectA/Content/StarterContent/Particles/Materials/M_Radial_Gradient.uasset" 453
"../../../../../UnrealProjects/ProjectA/Content/StarterContent/Particles/P_Fire.uasset" 454
"../../../../../UnrealProjects/ProjectA/Content/StarterContent/Blueprints/Blueprint_Effect_Fire.uasset" 455
"../../../../../UnrealProjects/ProjectA/Content/StarterContent/Audio/Smoke01_Cue.uasset" 456
"../../../../../UnrealProjects/ProjectA/Content/StarterContent/Particles/P_Smoke.uasset" 457
"../../../../../UnrealProjects/ProjectA/Content/StarterContent/Blueprints/Blueprint_Effect_Smoke.uasset" 458
"../../../../../UnrealProjects/ProjectA/Content/StarterContent/Audio/Fire_Sparks01_Cue.uasset" 459
"../../../../../UnrealProjects/ProjectA/Content/StarterContent/Textures/T_Spark_Core.uasset" 460
"../../../../../UnrealProjects/ProjectA/Content/StarterContent/Particles/Materials/M_Spark.uasset" 461
"../../../../../UnrealProjects/ProjectA/Content/StarterContent/Particles/P_Sparks.uasset" 462
"../../../../../UnrealProjects/ProjectA/Content/StarterContent/Blueprints/Blueprint_Effect_Sparks.uasset" 463
"../../../../../UnrealProjects/ProjectA/Content/StarterContent/Audio/Steam01_Cue.uasset" 464
"../../../../../UnrealProjects/ProjectA/Content/StarterContent/Particles/P_Steam_Lit.uasset" 465
"../../../../../UnrealProjects/ProjectA/Content/StarterContent/Blueprints/Blueprint_Effect_Steam.uasset" 466
"../../../../../UnrealProjects/ProjectA/Content/StarterContent/Textures/T_Lamp_M.uasset" 467
"../../../../../UnrealProjects/ProjectA/Content/StarterContent/Textures/T_Lamp_N.uasset" 468
"../../../../../UnrealProjects/ProjectA/Content/StarterContent/Props/Materials/M_Lamp.uasset" 469
"../../../../../UnrealProjects/ProjectA/Content/StarterContent/Props/SM_Lamp_Ceiling.uasset" 470
"../../../../../UnrealProjects/ProjectA/Content/StarterContent/Blueprints/Blueprint_CeilingLight.uasset" 471
"../../../../../UnrealProjects/ProjectA/Content/StarterContent/Props/SM_Lamp_Wall.uasset" 472
"../../../../../UnrealProjects/ProjectA/Content/StarterContent/Blueprints/Blueprint_WallSconce.uasset" 473
"../../../../../UnrealProjects/ProjectA/Content/StarterContent/Maps/StarterMap_BuiltData.uasset" 474
"../../../../../UnrealProjects/ProjectA/Content/StarterContent/Textures/T_Brick_Clay_Beveled_D.uasset" 475
"../../../../../UnrealProjects/ProjectA/Content/StarterContent/Textures/T_Brick_Clay_Beveled_M.uasset" 476
"../../../../../UnrealProjects/ProjectA/Content/StarterContent/Textures/T_Brick_Clay_Beveled_N.uasset" 477
"../../../../../UnrealProjects/ProjectA/Content/StarterContent/Materials/M_Brick_Clay_Beveled.uasset" 478
"../../../../../UnrealProjects/ProjectA/Content/StarterContent/Textures/T_Brick_Clay_New_D.uasset" 479
"../../../../../UnrealProjects/ProjectA/Content/StarterContent/Textures/T_Brick_Clay_New_M.uasset" 480
"../../../../../UnrealProjects/ProjectA/Content/StarterContent/Textures/T_Brick_Clay_New_N.uasset" 481
"../../../../../UnrealProjects/ProjectA/Content/StarterContent/Materials/M_Brick_Clay_New.uasset" 482
"../../../../../UnrealProjects/ProjectA/Content/StarterContent/Textures/T_Brick_Clay_Old_D.uasset" 483
"../../../../../UnrealProjects/ProjectA/Content/StarterContent/Textures/T_Brick_Clay_Old_N.uasset" 484
"../../../../../UnrealProjects/ProjectA/Content/StarterContent/Textures/T_Perlin_Noise_M.uasset" 485
"../../../../../UnrealProjects/ProjectA/Content/StarterContent/Materials/M_Brick_Clay_Old.uasset" 486
"../../../../../UnrealProjects/ProjectA/Content/StarterContent/Textures/T_Brick_Cut_Stone_D.uasset" 487
"../../../../../UnrealProjects/ProjectA/Content/StarterContent/Textures/T_Brick_Cut_Stone_N.uasset" 488
"../../../../../UnrealProjects/ProjectA/Content/StarterContent/Materials/M_Brick_Cut_Stone.uasset" 489
"../../../../../UnrealProjects/ProjectA/Content/StarterContent/Textures/T_Brick_Hewn_Stone_D.uasset" 490
"../../../../../UnrealProjects/ProjectA/Content/StarterContent/Textures/T_Brick_Hewn_Stone_M.uasset" 491
"../../../../../UnrealProjects/ProjectA/Content/StarterContent/Textures/T_Brick_Hewn_Stone_N.uasset" 492
"../../../../../UnrealProjects/ProjectA/Content/StarterContent/Materials/M_Brick_Hewn_Stone.uasset" 493
"../../../../../UnrealProjects/ProjectA/Content/StarterContent/Textures/T_Ceramic_Tile_M.uasset" 494
"../../../../../UnrealProjects/ProjectA/Content/StarterContent/Textures/T_Ceramic_Tile_N.uasset" 495
"../../../../../UnrealProjects/ProjectA/Content/StarterContent/Textures/T_Rock_Marble_Polished_D.uasset" 496
"../../../../../UnrealProjects/ProjectA/Content/StarterContent/Materials/M_Ceramic_Tile_Checker.uasset" 497
"../../../../../UnrealProjects/ProjectA/Content/StarterContent/Textures/T_CobbleStone_Pebble_D.uasset" 498
"../../../../../UnrealProjects/ProjectA/Content/StarterContent/Textures/T_CobbleStone_Pebble_M.uasset" 499
"../../../../../UnrealProjects/ProjectA/Content/StarterContent/Textures/T_CobbleStone_Pebble_N.uasset" 500
"../../../../../UnrealProjects/ProjectA/Content/StarterContent/Materials/M_CobbleStone_Pebble.uasset" 501
"../../../../../UnrealProjects/ProjectA/Content/StarterContent/Textures/T_CobbleStone_Rough_D.uasset" 502
"../../../../../UnrealProjects/ProjectA/Content/StarterContent/Textures/T_CobbleStone_Rough_N.uasset" 503
"../../../../../UnrealProjects/ProjectA/Content/StarterContent/Textures/T_Gradinet_01.uasset" 504
"../../../../../UnrealProjects/ProjectA/Content/StarterContent/Textures/T_Rock_Smooth_Granite_D.uasset" 505
"../../../../../UnrealProjects/ProjectA/Content/StarterContent/Materials/M_CobbleStone_Rough.uasset" 506
"../../../../../UnrealProjects/ProjectA/Content/StarterContent/Textures/T_CobbleStone_Smooth_D.uasset" 507
"../../../../../UnrealProjects/ProjectA/Content/StarterContent/Textures/T_CobbleStone_Smooth_M.uasset" 508
"../../../../../UnrealProjects/ProjectA/Content/StarterContent/Textures/T_CobbleStone_Smooth_N.uasset" 509
"../../../../../UnrealProjects/ProjectA/Content/StarterContent/Materials/M_CobbleStone_Smooth.uasset" 510
"../../../../../UnrealProjects/ProjectA/Content/StarterContent/Textures/T_Concrete_Grime_D.uasset" 511
"../../../../../UnrealProjects/ProjectA/Content/StarterContent/Textures/T_Metal_Rust_N.uasset" 512
"../../../../../UnrealProjects/ProjectA/Content/StarterContent/Materials/M_Concrete_Grime.uasset" 513
"../../../../../UnrealProjects/ProjectA/Content/StarterContent/Textures/T_Concrete_Panels_D.uasset" 514
"../../../../../UnrealProjects/ProjectA/Content/StarterContent/Textures/T_Concrete_Panels_N.uasset" 515
"../../../../../UnrealProjects/ProjectA/Content/StarterContent/Materials/M_Concrete_Panels.uasset" 516
"../../../../../UnrealProjects/ProjectA/Content/StarterContent/Textures/T_Concrete_Poured_D.uasset" 517
"../../../../../UnrealProjects/ProjectA/Content/StarterContent/Textures/T_Concrete_Poured_N.uasset" 518
"../../../../../UnrealProjects/ProjectA/Content/StarterContent/Materials/M_Concrete_Poured.uasset" 519
"../../../../../UnrealProjects/ProjectA/Content/StarterContent/Textures/T_Concrete_Tiles_D.uasset" 520
"../../../../../UnrealProjects/ProjectA/Content/StarterContent/Textures/T_Concrete_Tiles_M.uasset" 521
"../../../../../UnrealProjects/ProjectA/Content/StarterContent/Textures/T_Concrete_Tiles_N.uasset" 522
"../../../../../UnrealProjects/ProjectA/Content/StarterContent/Textures/T_Concrete_Tiles_Variation_M.uasset" 523
"../../../../../UnrealProjects/ProjectA/Content/StarterContent/Materials/M_Concrete_Tiles.uasset" 524
"../../../../../UnrealProjects/ProjectA/Content/StarterContent/Textures/T_Ground_Grass_D.uasset" 525
"../../../../../UnrealProjects/ProjectA/Content/StarterContent/Textures/T_Ground_Grass_N.uasset" 526
"../../../../../UnrealProjects/ProjectA/Content/StarterContent/Materials/M_Ground_Grass.uasset" 527
"../../../../../UnrealProjects/ProjectA/Content/StarterContent/Textures/T_Ground_Gravel_D.uasset" 528
"../../../../../UnrealProjects/ProjectA/Content/StarterContent/Textures/T_Ground_Gravel_N.uasset" 529
"../../../../../UnrealProjects/ProjectA/Content/StarterContent/Materials/M_Ground_Gravel.uasset" 530
"../../../../../UnrealProjects/ProjectA/Content/StarterContent/Textures/T_ground_Moss_D.uasset" 531
"../../../../../UnrealProjects/ProjectA/Content/StarterContent/Textures/T_Ground_Moss_N.uasset" 532
"../../../../../UnrealProjects/ProjectA/Content/StarterContent/Materials/M_Ground_Moss.uasset" 533
"../../../../../UnrealProjects/ProjectA/Content/StarterContent/Materials/M_Metal_Chrome.uasset" 534
"../../../../../UnrealProjects/ProjectA/Content/StarterContent/Textures/T_Metal_Gold_D.uasset" 535
"../../../../../UnrealProjects/ProjectA/Content/StarterContent/Materials/M_Metal_Gold.uasset" 536
"../../../../../UnrealProjects/ProjectA/Content/StarterContent/Textures/T_Metal_Rust_D.uasset" 537
"../../../../../UnrealProjects/ProjectA/Content/StarterContent/Materials/M_Metal_Rust.uasset" 538
"../../../../../UnrealProjects/ProjectA/Content/StarterContent/Textures/T_Rock_Basalt_N.uasset" 539
"../../../../../UnrealProjects/ProjectA/Content/StarterContent/Materials/M_Rock_Basalt.uasset" 540
"../../../../../UnrealProjects/ProjectA/Content/StarterContent/Materials/M_Rock_Marble_Polished.uasset" 541
"../../../../../UnrealProjects/ProjectA/Content/StarterContent/Textures/T_Rock_Sandstone_D.uasset" 542
"../../../../../UnrealProjects/ProjectA/Content/StarterContent/Textures/T_Rock_Sandstone_N.uasset" 543
"../../../../../UnrealProjects/ProjectA/Content/StarterContent/Materials/M_Rock_Sandstone.uasset" 544
"../../../../../UnrealProjects/ProjectA/Content/StarterContent/Textures/T_Rock_Slate_D.uasset" 545
"../../../../../UnrealProjects/ProjectA/Content/StarterContent/Textures/T_Rock_Slate_N.uasset" 546
"../../../../../UnrealProjects/ProjectA/Content/StarterContent/Materials/M_Rock_Slate.uasset" 547
"../../../../../UnrealProjects/ProjectA/Content/StarterContent/Textures/T_Checker_Noise_M.uasset" 548
"../../../../../UnrealProjects/ProjectA/Content/StarterContent/Textures/T_Single_Tile_N.uasset" 549
"../../../../../UnrealProjects/ProjectA/Content/StarterContent/Textures/T_Tech_Dot_M.uasset" 550
"../../../../../UnrealProjects/ProjectA/Content/StarterContent/Textures/T_Tech_Dot_N.uasset" 551
"../../../../../UnrealProjects/ProjectA/Content/StarterContent/Materials/M_Tech_Checker_Dot.uasset" 552
"../../../../../UnrealProjects/ProjectA/Content/StarterContent/Textures/T_Tech_Hex_Tile_M.uasset" 553
"../../../../../UnrealProjects/ProjectA/Content/StarterContent/Textures/T_Tech_Hex_Tile_N.uasset" 554
"../../../../../UnrealProjects/ProjectA/Content/StarterContent/Materials/M_Tech_Hex_Tile.uasset" 555
"../../../../../UnrealProjects/ProjectA/Content/StarterContent/Materials/M_Tech_Hex_Tile_Pulse.uasset" 556
"../../../../../UnrealProjects/ProjectA/Content/StarterContent/Textures/T_Tech_Panel_M.uasset" 557
"../../../../../UnrealProjects/ProjectA/Content/StarterContent/Textures/T_Tech_Panel_N.uasset" 558
"../../../../../UnrealProjects/ProjectA/Content/StarterContent/Materials/M_Tech_Panel.uasset" 559
"../../../../../UnrealProjects/ProjectA/Content/StarterContent/Materials/M_Water_Lake.uasset" 560
"../../../../../UnrealProjects/ProjectA/Content/StarterContent/Textures/T_Water_M.uasset" 561
"../../../../../UnrealProjects/ProjectA/Content/StarterContent/Materials/M_Water_Ocean.uasset" 562
"../../../../../UnrealProjects/ProjectA/Content/StarterContent/Textures/T_Wood_Floor_Walnut_D.uasset" 563
"../../../../../UnrealProjects/ProjectA/Content/StarterContent/Textures/T_Wood_Floor_Walnut_M.uasset" 564
"../../../../../UnrealProjects/ProjectA/Content/StarterContent/Textures/T_Wood_Floor_Walnut_N.uasset" 565
"../../../../../UnrealProjects/ProjectA/Content/StarterContent/Materials/M_Wood_Floor_Walnut_Polished.uasset" 566
"../../../Engine/Content/Functions/Engine_MaterialFunctions01/Opacity/AlphaOffset.uasset" 567
"../../../../../UnrealProjects/ProjectA/Content/StarterContent/Materials/M_Wood_Floor_Walnut_Worn.uasset" 568
"../../../../../UnrealProjects/ProjectA/Content/StarterContent/Textures/T_Wood_Oak_D.uasset" 569
"../../../../../UnrealProjects/ProjectA/Content/StarterContent/Textures/T_Wood_Oak_N.uasset" 570
"../../../../../UnrealProjects/ProjectA/Content/StarterContent/Materials/M_Wood_Oak.uasset" 571
"../../../../../UnrealProjects/ProjectA/Content/StarterContent/Textures/T_Wood_Pine_D.uasset" 572
"../../../../../UnrealProjects/ProjectA/Content/StarterContent/Textures/T_Wood_Pine_N.uasset" 573
"../../../../../UnrealProjects/ProjectA/Content/StarterContent/Materials/M_Wood_Pine.uasset" 574
"../../../../../UnrealProjects/ProjectA/Content/StarterContent/Textures/T_Wood_Walnut_D.uasset" 575
"../../../../../UnrealProjects/ProjectA/Content/StarterContent/Textures/T_Wood_Walnut_N.uasset" 576
"../../../../../UnrealProjects/ProjectA/Content/StarterContent/Materials/M_Wood_Walnut.uasset" 577
"../../../../../UnrealProjects/ProjectA/Content/StarterContent/Architecture/Wall_400x200.uasset" 578
"../../../../../UnrealProjects/ProjectA/Content/StarterContent/Architecture/Wall_Door_400x300.uasset" 579
"../../../../../UnrealProjects/ProjectA/Content/StarterContent/Architecture/Wall_Window_400x300.uasset" 580
"../../../../../UnrealProjects/ProjectA/Content/StarterContent/Audio/Collapse_Cue.uasset" 581
"../../../../../UnrealProjects/ProjectA/Content/StarterContent/Audio/Starter_Music_Cue.uasset" 582
"../../../../../UnrealProjects/ProjectA/Content/StarterContent/Textures/T_Dust_Particle_D.uasset" 583
"../../../../../UnrealProjects/ProjectA/Content/StarterContent/Particles/Materials/M_Dust_Particle.uasset" 584
"../../../../../UnrealProjects/ProjectA/Content/StarterContent/Particles/P_Ambient_Dust.uasset" 585
"../../../../../UnrealProjects/ProjectA/Content/StarterContent/Props/MaterialSphere.uasset" 586
"../../../../../UnrealProjects/ProjectA/Content/StarterContent/Textures/T_Frame_M.uasset" 587
"../../../../../UnrealProjects/ProjectA/Content/StarterContent/Textures/T_Frame_N.uasset" 588
"../../../../../UnrealProjects/ProjectA/Content/StarterContent/Props/Materials/M_Frame.uasset" 589
"../../../../../UnrealProjects/ProjectA/Content/StarterContent/Props/SM_CornerFrame.uasset" 590
"../../../../../UnrealProjects/ProjectA/Content/StarterContent/Props/SM_DoorFrame.uasset" 591
"../../../../../UnrealProjects/ProjectA/Content/StarterContent/Props/SM_GlassWindow.uasset" 592
"../../../../../UnrealProjects/ProjectA/Content/StarterContent/Props/SM_PillarFrame.uasset" 593
"../../../../../UnrealProjects/ProjectA/Content/StarterContent/Props/SM_PillarFrame300.uasset" 594
"../../../../../UnrealProjects/ProjectA/Content/StarterContent/Props/SM_WindowFrame.uasset" 595
"../../../../../UnrealProjects/ProjectA/Content/StarterContent/Shapes/Shape_Cube.uasset" 596
"../../../../../UnrealProjects/ProjectA/Content/StarterContent/Maps/StarterMap.umap" 597
"../../../Engine/Content/Maps/Entry_BuiltData.uasset" 598
"../../../Engine/Content/Maps/Entry.umap" 599
